2020-05-15 10:13:14 com.icss.dll.BaseDao.openConnection(BaseDao.java:26) BaseDao.java INFO 1，打开一个新的数据库连接....
2020-05-15 10:13:14 com.icss.dll.BaseDao.openConnection(BaseDao.java:28) BaseDao.java INFO 1，使用原有数据库连接....
2020-05-15 10:13:14 com.icss.dll.BaseDao.closeConnection(BaseDao.java:67) BaseDao.java INFO 1数据库关闭...
2020-05-15 10:13:14 com.icss.ui.Test.registTest(Test.java:58) Test.java ERROR Column count doesn't match value count at row 1
java.sql.SQLException: Column count doesn't match value count at row 1
	at com.mysql.cj.jdbc.exceptions.SQLError.createSQLException(SQLError.java:127)
	at com.mysql.cj.jdbc.exceptions.SQLError.createSQLException(SQLError.java:95)
	at com.mysql.cj.jdbc.exceptions.SQLExceptionsMapping.translateException(SQLExceptionsMapping.java:122)
	at com.mysql.cj.jdbc.ClientPreparedStatement.executeInternal(ClientPreparedStatement.java:960)
	at com.mysql.cj.jdbc.ClientPreparedStatement.executeUpdateInternal(ClientPreparedStatement.java:1116)
	at com.mysql.cj.jdbc.ClientPreparedStatement.executeUpdateInternal(ClientPreparedStatement.java:1066)
	at com.mysql.cj.jdbc.ClientPreparedStatement.executeLargeUpdate(ClientPreparedStatement.java:1396)
	at com.mysql.cj.jdbc.ClientPreparedStatement.executeUpdate(ClientPreparedStatement.java:1051)
	at com.icss.dll.UserDao.regist(UserDao.java:160)
	at com.icss.bll.UserBiz.regist(UserBiz.java:107)
	at com.icss.ui.Test.registTest(Test.java:53)
	at com.icss.ui.Test.main(Test.java:65)
2020-05-15 10:15:13 com.icss.dll.BaseDao.openConnection(BaseDao.java:26) BaseDao.java INFO 1，打开一个新的数据库连接....
2020-05-15 10:15:13 com.icss.dll.BaseDao.closeConnection(BaseDao.java:67) BaseDao.java INFO 1数据库关闭...
2020-05-18 08:52:46 com.icss.dll.BaseDao.openConnection(BaseDao.java:26) BaseDao.java INFO 1，打开一个新的数据库连接....
2020-05-18 08:53:16 com.icss.dll.BaseDao.openConnection(BaseDao.java:26) BaseDao.java INFO 1，打开一个新的数据库连接....
2020-05-18 08:55:27 com.icss.dll.BaseDao.openConnection(BaseDao.java:26) BaseDao.java INFO 1，打开一个新的数据库连接....
